Start testing: Sep 21 15:09 AEST
----------------------------------------------------------
1/1 Testing: DealTest
1/1 Test: DealTest
Command: "/Users/jimmy/Desktop/Texas-Hold-Em-v3/build/DealTest"
Directory: /Users/jimmy/Desktop/Texas-Hold-Em-v3/build
"DealTest" start time: Sep 21 15:09 AEST
Output:
----------------------------------------------------------
Running main() from /tmp/googletest-20240731-4513-2m6gxg/googletest-1.15.2/googletest/src/gtest_main.cc
[==========] Running 6 tests from 1 test suite.
[----------] Global test environment set-up.
[----------] 6 tests from DealTest
[ RUN      ] DealTest.DealToPlayers
P1 has been dealt Jack of Diamonds
P2 has been dealt Queen of Spades
P3 has been dealt King of Hearts
P4 has been dealt Queen of Hearts
P1 has been dealt 9 of Spades
P2 has been dealt 3 of Diamonds
P3 has been dealt 2 of Spades
P4 has been dealt Jack of Hearts
[       OK ] DealTest.DealToPlayers (0 ms)
[ RUN      ] DealTest.DealToBoard
One card burned!
King of Clubs has been dealt to the board!
3 of Diamonds has been dealt to the board!
7 of Clubs has been dealt to the board!
One card burned!
Ace of Clubs has been dealt to the board!
One card burned!
Queen of Clubs has been dealt to the board!
[       OK ] DealTest.DealToBoard (0 ms)
[ RUN      ] DealTest.UniqueCardsDealt
P1 has been dealt 2 of Diamonds
P2 has been dealt Queen of Clubs
P3 has been dealt 6 of Hearts
P4 has been dealt 7 of Spades
One card burned!
3 of Spades has been dealt to the board!
Jack of Spades has been dealt to the board!
6 of Diamonds has been dealt to the board!
One card burned!
2 of Clubs has been dealt to the board!
One card burned!
Ace of Clubs has been dealt to the board!
Set size: 9 and dealt cards size: 9
[       OK ] DealTest.UniqueCardsDealt (0 ms)
[ RUN      ] DealTest.ResetDeck
P1 has been dealt 4 of Hearts
P3 has been dealt King of Clubs
One card burned!
6 of Spades has been dealt to the board!
Jack of Hearts has been dealt to the board!
Ace of Diamonds has been dealt to the board!
[       OK ] DealTest.ResetDeck (0 ms)
[ RUN      ] DealTest.ResetBoard
One card burned!
Queen of Hearts has been dealt to the board!
10 of Spades has been dealt to the board!
2 of Diamonds has been dealt to the board!
One card burned!
7 of Spades has been dealt to the board!
8 of Hearts has been dealt to the board!
One card burned!
5 of Hearts has been dealt to the board!
[       OK ] DealTest.ResetBoard (0 ms)
[ RUN      ] DealTest.PlayerChipsModification
P1 chip count increased by 100 to 600
P1 chip count decreased by 300 to 300
P1 chip count increased by 800 to 1100
P1 chip count decreased by 900 to 200
P1 chip count decreased by 100 to 100
P1 chip count increased by 1000 to 1100
P2 chip count increased by 1200 to 1700
P2 chip count decreased by 600 to 1100
P3 chip count decreased by 500 to 0
P4 chip count decreased by 500 to 0
P4 chip count increased by 500 to 500
[       OK ] DealTest.PlayerChipsModification (0 ms)
[----------] 6 tests from DealTest (0 ms total)

[----------] Global test environment tear-down
[==========] 6 tests from 1 test suite ran. (0 ms total)
[  PASSED  ] 6 tests.
<end of output>
Test time =   0.25 sec
----------------------------------------------------------
Test Passed.
"DealTest" end time: Sep 21 15:09 AEST
"DealTest" time elapsed: 00:00:00
----------------------------------------------------------

End testing: Sep 21 15:09 AEST
